This is pdfTeX, Version 3.1415926-2.4-1.40.13 (TeX Live 2012/MacPorts 2012_3) (format=pdflatex 2012.8.6)  22 SEP 2012 15:33
entering extended mode
 restricted \write18 enabled.
 %&-line parsing enabled.
**\input paper_outline.tex
(./paper_outline.tex
(/macports-1.9.1/share/texmf-texlive-dist/tex/latex/base/article.cls
Document Class: article 2007/10/19 v1.4h Standard LaTeX document class
(/macports-1.9.1/share/texmf-texlive-dist/tex/latex/base/size10.clo
File: size10.clo 2007/10/19 v1.4h Standard LaTeX file (size option)
)
\c@part=\count79
\c@section=\count80
\c@subsection=\count81
\c@subsubsection=\count82
\c@paragraph=\count83
\c@subparagraph=\count84
\c@figure=\count85
\c@table=\count86
\abovecaptionskip=\skip41
\belowcaptionskip=\skip42
\bibindent=\dimen102
)
(./paper_outline.aux)
\openout1 = `paper_outline.aux'.

LaTeX Font Info:    Checking defaults for OML/cmm/m/it on input line 3.
LaTeX Font Info:    ... okay on input line 3.
LaTeX Font Info:    Checking defaults for T1/cmr/m/n on input line 3.
LaTeX Font Info:    ... okay on input line 3.
LaTeX Font Info:    Checking defaults for OT1/cmr/m/n on input line 3.
LaTeX Font Info:    ... okay on input line 3.
LaTeX Font Info:    Checking defaults for OMS/cmsy/m/n on input line 3.
LaTeX Font Info:    ... okay on input line 3.
LaTeX Font Info:    Checking defaults for OMX/cmex/m/n on input line 3.
LaTeX Font Info:    ... okay on input line 3.
LaTeX Font Info:    Checking defaults for U/cmr/m/n on input line 3.
LaTeX Font Info:    ... okay on input line 3.

Overfull \hbox (19.86456pt too wide) in paragraph at lines 34--34
[]\OT1/cmr/bx/n/14.4 Modeling het-ero-gene-ity of the ap-pli-ca-tion graphs
 []

[1

{/macports-1.9.1/var/db/texmf/fonts/map/pdftex/updmap/pdftex.map}] [2]
(./paper_outline.aux) ) 
Here is how much of TeX's memory you used:
 213 strings out of 494763
 2454 string characters out of 3170658
 49450 words of memory out of 3000000
 3525 multiletter control sequences out of 15000+200000
 4245 words of font info for 16 fonts, out of 3000000 for 9000
 134 hyphenation exceptions out of 8191
 23i,4n,19p,186b,109s stack positions out of 5000i,500n,10000p,200000b,50000s
</macports-1.9.1/share/texmf-texlive-dist/fonts/type1/pu
blic/amsfonts/cm/cmbx12.pfb></macports-1.9.1/share/texmf-texlive-dist/fonts/typ
e1/public/amsfonts/cm/cmr10.pfb>
Output written on paper_outline.pdf (2 pages, 36385 bytes).
PDF statistics:
 19 PDF objects out of 1000 (max. 8388607)
 12 compressed objects within 1 object stream
 0 named destinations out of 1000 (max. 500000)
 1 words of extra memory for PDF output out of 10000 (max. 10000000)

